{"C:\\Users\\zoyag\\Sweet-Shop-Management\\Sweet-Shop-Management-main\\backend\\src\\app.ts": {"path":"C:\\Users\\zoyag\\Sweet-Shop-Management\\Sweet-Shop-Management-main\\backend\\src\\app.ts","statementMap":{"0":{"start":{"line":1,"column":0},"end":{"line":1,"column":29}},"1":{"start":{"line":2,"column":0},"end":{"line":2,"column":23}},"2":{"start":{"line":3,"column":0},"end":{"line":3,"column":44}},"3":{"start":{"line":4,"column":0},"end":{"line":4,"column":46}},"4":{"start":{"line":6,"column":12},"end":{"line":6,"column":21}},"5":{"start":{"line":9,"column":23},"end":{"line":14,"column":null}},"6":{"start":{"line":16,"column":0},"end":{"line":39,"column":null}},"7":{"start":{"line":20,"column":3},"end":{"line":20,"column":null}},"8":{"start":{"line":20,"column":16},"end":{"line":20,"column":null}},"9":{"start":{"line":23,"column":21},"end":{"line":29,"column":5}},"10":{"start":{"line":24,"column":4},"end":{"line":26,"column":5}},"11":{"start":{"line":25,"column":5},"end":{"line":25,"column":null}},"12":{"start":{"line":28,"column":4},"end":{"line":28,"column":null}},"13":{"start":{"line":31,"column":3},"end":{"line":35,"column":4}},"14":{"start":{"line":32,"column":4},"end":{"line":32,"column":null}},"15":{"start":{"line":34,"column":4},"end":{"line":34,"column":null}},"16":{"start":{"line":41,"column":0},"end":{"line":41,"column":null}},"17":{"start":{"line":43,"column":0},"end":{"line":43,"column":null}},"18":{"start":{"line":44,"column":0},"end":{"line":44,"column":null}},"19":{"start":{"line":46,"column":0},"end":{"line":48,"column":null}},"20":{"start":{"line":47,"column":1},"end":{"line":47,"column":null}},"21":{"start":{"line":50,"column":0},"end":{"line":50,"column":null}}},"fnMap":{"0":{"name":"(anonymous_1)","decl":{"start":{"line":18,"column":10},"end":{"line":18,"column":11}},"loc":{"start":{"line":18,"column":31},"end":{"line":36,"column":3}}},"1":{"name":"(anonymous_2)","decl":{"start":{"line":23,"column":41},"end":{"line":23,"column":42}},"loc":{"start":{"line":23,"column":53},"end":{"line":29,"column":4}}},"2":{"name":"(anonymous_3)","decl":{"start":{"line":46,"column":19},"end":{"line":46,"column":20}},"loc":{"start":{"line":46,"column":32},"end":{"line":48,"column":1}}}},"branchMap":{"0":{"loc":{"start":{"line":20,"column":3},"end":{"line":20,"column":null}},"type":"if","locations":[{"start":{"line":20,"column":3},"end":{"line":20,"column":null}}]},"1":{"loc":{"start":{"line":24,"column":4},"end":{"line":26,"column":5}},"type":"if","locations":[{"start":{"line":24,"column":4},"end":{"line":26,"column":5}}]},"2":{"loc":{"start":{"line":31,"column":3},"end":{"line":35,"column":4}},"type":"if","locations":[{"start":{"line":31,"column":3},"end":{"line":35,"column":4}},{"start":{"line":33,"column":10},"end":{"line":35,"column":4}}]}},"s":{"0":1,"1":1,"2":1,"3":1,"4":1,"5":1,"6":1,"7":5,"8":5,"9":0,"10":0,"11":0,"12":0,"13":0,"14":0,"15":0,"16":1,"17":1,"18":1,"19":1,"20":0,"21":1},"f":{"0":5,"1":0,"2":0},"b":{"0":[5],"1":[0],"2":[0,0]}}
,"C:\\Users\\zoyag\\Sweet-Shop-Management\\Sweet-Shop-Management-main\\backend\\src\\controllers\\authController.ts": {"path":"C:\\Users\\zoyag\\Sweet-Shop-Management\\Sweet-Shop-Management-main\\backend\\src\\controllers\\authController.ts","statementMap":{"0":{"start":{"line":2,"column":0},"end":{"line":2,"column":53}},"1":{"start":{"line":3,"column":0},"end":{"line":3,"column":58}},"2":{"start":{"line":5,"column":20},"end":{"line":5,"column":37}},"3":{"start":{"line":7,"column":13},"end":{"line":12,"column":null}},"4":{"start":{"line":14,"column":13},"end":{"line":17,"column":null}},"5":{"start":{"line":19,"column":24},"end":{"line":38,"column":1}},"6":{"start":{"line":20,"column":16},"end":{"line":20,"column":37}},"7":{"start":{"line":21,"column":1},"end":{"line":23,"column":2}},"8":{"start":{"line":22,"column":2},"end":{"line":22,"column":null}},"9":{"start":{"line":25,"column":1},"end":{"line":37,"column":2}},"10":{"start":{"line":26,"column":39},"end":{"line":26,"column":47}},"11":{"start":{"line":28,"column":23},"end":{"line":28,"column":63}},"12":{"start":{"line":29,"column":2},"end":{"line":31,"column":3}},"13":{"start":{"line":30,"column":3},"end":{"line":30,"column":null}},"14":{"start":{"line":33,"column":15},"end":{"line":33,"column":76}},"15":{"start":{"line":34,"column":2},"end":{"line":34,"column":null}},"16":{"start":{"line":36,"column":2},"end":{"line":36,"column":null}},"17":{"start":{"line":19,"column":13},"end":{"line":19,"column":24}},"18":{"start":{"line":40,"column":21},"end":{"line":53,"column":1}},"19":{"start":{"line":41,"column":16},"end":{"line":41,"column":37}},"20":{"start":{"line":42,"column":1},"end":{"line":44,"column":2}},"21":{"start":{"line":43,"column":2},"end":{"line":43,"column":null}},"22":{"start":{"line":46,"column":1},"end":{"line":52,"column":2}},"23":{"start":{"line":47,"column":30},"end":{"line":47,"column":38}},"24":{"start":{"line":48,"column":17},"end":{"line":48,"column":57}},"25":{"start":{"line":49,"column":2},"end":{"line":49,"column":null}},"26":{"start":{"line":51,"column":2},"end":{"line":51,"column":null}},"27":{"start":{"line":40,"column":13},"end":{"line":40,"column":21}}},"fnMap":{"0":{"name":"(anonymous_0)","decl":{"start":{"line":19,"column":24},"end":{"line":19,"column":29}},"loc":{"start":{"line":19,"column":62},"end":{"line":38,"column":1}}},"1":{"name":"(anonymous_1)","decl":{"start":{"line":40,"column":21},"end":{"line":40,"column":26}},"loc":{"start":{"line":40,"column":59},"end":{"line":53,"column":1}}}},"branchMap":{"0":{"loc":{"start":{"line":21,"column":1},"end":{"line":23,"column":2}},"type":"if","locations":[{"start":{"line":21,"column":1},"end":{"line":23,"column":2}}]},"1":{"loc":{"start":{"line":29,"column":2},"end":{"line":31,"column":3}},"type":"if","locations":[{"start":{"line":29,"column":2},"end":{"line":31,"column":3}}]},"2":{"loc":{"start":{"line":33,"column":59},"end":{"line":33,"column":75}},"type":"binary-expr","locations":[{"start":{"line":33,"column":59},"end":{"line":33,"column":66}},{"start":{"line":33,"column":70},"end":{"line":33,"column":75}}]},"3":{"loc":{"start":{"line":42,"column":1},"end":{"line":44,"column":2}},"type":"if","locations":[{"start":{"line":42,"column":1},"end":{"line":44,"column":2}}]}},"s":{"0":1,"1":1,"2":1,"3":1,"4":1,"5":1,"6":3,"7":3,"8":2,"9":1,"10":1,"11":1,"12":1,"13":0,"14":1,"15":1,"16":0,"17":1,"18":1,"19":2,"20":2,"21":0,"22":2,"23":2,"24":2,"25":1,"26":1,"27":1},"f":{"0":3,"1":2},"b":{"0":[2],"1":[0],"2":[1,1],"3":[0]}}
,"C:\\Users\\zoyag\\Sweet-Shop-Management\\Sweet-Shop-Management-main\\backend\\src\\controllers\\sweetController.ts": {"path":"C:\\Users\\zoyag\\Sweet-Shop-Management\\Sweet-Shop-Management-main\\backend\\src\\controllers\\sweetController.ts","statementMap":{"0":{"start":{"line":2,"column":0},"end":{"line":2,"column":55}},"1":{"start":{"line":4,"column":0},"end":{"line":4,"column":58}},"2":{"start":{"line":6,"column":21},"end":{"line":6,"column":39}},"3":{"start":{"line":8,"column":13},"end":{"line":17,"column":null}},"4":{"start":{"line":19,"column":27},"end":{"line":31,"column":1}},"5":{"start":{"line":20,"column":16},"end":{"line":20,"column":37}},"6":{"start":{"line":21,"column":1},"end":{"line":23,"column":2}},"7":{"start":{"line":22,"column":2},"end":{"line":22,"column":null}},"8":{"start":{"line":25,"column":1},"end":{"line":30,"column":2}},"9":{"start":{"line":26,"column":16},"end":{"line":26,"column":56}},"10":{"start":{"line":27,"column":2},"end":{"line":27,"column":null}},"11":{"start":{"line":29,"column":2},"end":{"line":29,"column":null}},"12":{"start":{"line":19,"column":13},"end":{"line":19,"column":27}},"13":{"start":{"line":33,"column":28},"end":{"line":40,"column":1}},"14":{"start":{"line":34,"column":1},"end":{"line":39,"column":2}},"15":{"start":{"line":35,"column":17},"end":{"line":35,"column":50}},"16":{"start":{"line":36,"column":2},"end":{"line":36,"column":null}},"17":{"start":{"line":38,"column":2},"end":{"line":38,"column":null}},"18":{"start":{"line":33,"column":13},"end":{"line":33,"column":28}},"19":{"start":{"line":42,"column":28},"end":{"line":55,"column":1}},"20":{"start":{"line":43,"column":1},"end":{"line":54,"column":2}},"21":{"start":{"line":44,"column":49},"end":{"line":44,"column":58}},"22":{"start":{"line":45,"column":17},"end":{"line":49,"column":null}},"23":{"start":{"line":51,"column":2},"end":{"line":51,"column":null}},"24":{"start":{"line":53,"column":2},"end":{"line":53,"column":null}},"25":{"start":{"line":42,"column":13},"end":{"line":42,"column":28}},"26":{"start":{"line":57,"column":27},"end":{"line":70,"column":1}},"27":{"start":{"line":58,"column":1},"end":{"line":69,"column":2}},"28":{"start":{"line":59,"column":13},"end":{"line":59,"column":36}},"29":{"start":{"line":60,"column":16},"end":{"line":60,"column":60}},"30":{"start":{"line":62,"column":2},"end":{"line":64,"column":3}},"31":{"start":{"line":63,"column":3},"end":{"line":63,"column":null}},"32":{"start":{"line":66,"column":2},"end":{"line":66,"column":null}},"33":{"start":{"line":68,"column":2},"end":{"line":68,"column":null}},"34":{"start":{"line":57,"column":13},"end":{"line":57,"column":27}},"35":{"start":{"line":72,"column":27},"end":{"line":85,"column":1}},"36":{"start":{"line":73,"column":1},"end":{"line":84,"column":2}},"37":{"start":{"line":74,"column":13},"end":{"line":74,"column":36}},"38":{"start":{"line":75,"column":16},"end":{"line":75,"column":50}},"39":{"start":{"line":77,"column":2},"end":{"line":79,"column":3}},"40":{"start":{"line":78,"column":3},"end":{"line":78,"column":null}},"41":{"start":{"line":81,"column":2},"end":{"line":81,"column":null}},"42":{"start":{"line":83,"column":2},"end":{"line":83,"column":null}},"43":{"start":{"line":72,"column":13},"end":{"line":72,"column":27}},"44":{"start":{"line":87,"column":29},"end":{"line":113,"column":1}},"45":{"start":{"line":88,"column":1},"end":{"line":112,"column":2}},"46":{"start":{"line":89,"column":18},"end":{"line":89,"column":41}},"47":{"start":{"line":90,"column":23},"end":{"line":90,"column":31}},"48":{"start":{"line":91,"column":18},"end":{"line":91,"column":36}},"49":{"start":{"line":93,"column":2},"end":{"line":95,"column":3}},"50":{"start":{"line":94,"column":3},"end":{"line":94,"column":null}},"51":{"start":{"line":97,"column":19},"end":{"line":100,"column":null}},"52":{"start":{"line":103,"column":2},"end":{"line":103,"column":null}},"53":{"start":{"line":105,"column":2},"end":{"line":107,"column":3}},"54":{"start":{"line":106,"column":3},"end":{"line":106,"column":null}},"55":{"start":{"line":108,"column":2},"end":{"line":110,"column":3}},"56":{"start":{"line":109,"column":3},"end":{"line":109,"column":null}},"57":{"start":{"line":111,"column":2},"end":{"line":111,"column":null}},"58":{"start":{"line":87,"column":13},"end":{"line":87,"column":29}},"59":{"start":{"line":115,"column":28},"end":{"line":134,"column":1}},"60":{"start":{"line":116,"column":1},"end":{"line":133,"column":2}},"61":{"start":{"line":117,"column":18},"end":{"line":117,"column":41}},"62":{"start":{"line":118,"column":23},"end":{"line":118,"column":31}},"63":{"start":{"line":120,"column":2},"end":{"line":122,"column":3}},"64":{"start":{"line":121,"column":3},"end":{"line":121,"column":null}},"65":{"start":{"line":124,"column":16},"end":{"line":124,"column":66}},"66":{"start":{"line":126,"column":2},"end":{"line":128,"column":3}},"67":{"start":{"line":127,"column":3},"end":{"line":127,"column":null}},"68":{"start":{"line":130,"column":2},"end":{"line":130,"column":null}},"69":{"start":{"line":132,"column":2},"end":{"line":132,"column":null}},"70":{"start":{"line":115,"column":13},"end":{"line":115,"column":28}}},"fnMap":{"0":{"name":"(anonymous_0)","decl":{"start":{"line":19,"column":27},"end":{"line":19,"column":32}},"loc":{"start":{"line":19,"column":65},"end":{"line":31,"column":1}}},"1":{"name":"(anonymous_1)","decl":{"start":{"line":33,"column":28},"end":{"line":33,"column":33}},"loc":{"start":{"line":33,"column":66},"end":{"line":40,"column":1}}},"2":{"name":"(anonymous_2)","decl":{"start":{"line":42,"column":28},"end":{"line":42,"column":33}},"loc":{"start":{"line":42,"column":66},"end":{"line":55,"column":1}}},"3":{"name":"(anonymous_3)","decl":{"start":{"line":57,"column":27},"end":{"line":57,"column":32}},"loc":{"start":{"line":57,"column":65},"end":{"line":70,"column":1}}},"4":{"name":"(anonymous_4)","decl":{"start":{"line":72,"column":27},"end":{"line":72,"column":32}},"loc":{"start":{"line":72,"column":65},"end":{"line":85,"column":1}}},"5":{"name":"(anonymous_5)","decl":{"start":{"line":87,"column":29},"end":{"line":87,"column":34}},"loc":{"start":{"line":87,"column":67},"end":{"line":113,"column":1}}},"6":{"name":"(anonymous_6)","decl":{"start":{"line":115,"column":28},"end":{"line":115,"column":33}},"loc":{"start":{"line":115,"column":66},"end":{"line":134,"column":1}}}},"branchMap":{"0":{"loc":{"start":{"line":21,"column":1},"end":{"line":23,"column":2}},"type":"if","locations":[{"start":{"line":21,"column":1},"end":{"line":23,"column":2}}]},"1":{"loc":{"start":{"line":48,"column":3},"end":{"line":48,"column":56}},"type":"cond-expr","locations":[{"start":{"line":48,"column":14},"end":{"line":48,"column":44}},{"start":{"line":48,"column":47},"end":{"line":48,"column":56}}]},"2":{"loc":{"start":{"line":49,"column":3},"end":{"line":49,"column":56}},"type":"cond-expr","locations":[{"start":{"line":49,"column":14},"end":{"line":49,"column":44}},{"start":{"line":49,"column":47},"end":{"line":49,"column":56}}]},"3":{"loc":{"start":{"line":62,"column":2},"end":{"line":64,"column":3}},"type":"if","locations":[{"start":{"line":62,"column":2},"end":{"line":64,"column":3}}]},"4":{"loc":{"start":{"line":77,"column":2},"end":{"line":79,"column":3}},"type":"if","locations":[{"start":{"line":77,"column":2},"end":{"line":79,"column":3}}]},"5":{"loc":{"start":{"line":93,"column":2},"end":{"line":95,"column":3}},"type":"if","locations":[{"start":{"line":93,"column":2},"end":{"line":95,"column":3}}]},"6":{"loc":{"start":{"line":93,"column":6},"end":{"line":93,"column":31}},"type":"binary-expr","locations":[{"start":{"line":93,"column":6},"end":{"line":93,"column":15}},{"start":{"line":93,"column":19},"end":{"line":93,"column":31}}]},"7":{"loc":{"start":{"line":105,"column":2},"end":{"line":107,"column":3}},"type":"if","locations":[{"start":{"line":105,"column":2},"end":{"line":107,"column":3}}]},"8":{"loc":{"start":{"line":108,"column":2},"end":{"line":110,"column":3}},"type":"if","locations":[{"start":{"line":108,"column":2},"end":{"line":110,"column":3}}]},"9":{"loc":{"start":{"line":120,"column":2},"end":{"line":122,"column":3}},"type":"if","locations":[{"start":{"line":120,"column":2},"end":{"line":122,"column":3}}]},"10":{"loc":{"start":{"line":120,"column":6},"end":{"line":120,"column":31}},"type":"binary-expr","locations":[{"start":{"line":120,"column":6},"end":{"line":120,"column":15}},{"start":{"line":120,"column":19},"end":{"line":120,"column":31}}]},"11":{"loc":{"start":{"line":126,"column":2},"end":{"line":128,"column":3}},"type":"if","locations":[{"start":{"line":126,"column":2},"end":{"line":128,"column":3}}]}},"s":{"0":1,"1":1,"2":1,"3":1,"4":1,"5":0,"6":0,"7":0,"8":0,"9":0,"10":0,"11":0,"12":1,"13":1,"14":0,"15":0,"16":0,"17":0,"18":1,"19":1,"20":0,"21":0,"22":0,"23":0,"24":0,"25":1,"26":1,"27":0,"28":0,"29":0,"30":0,"31":0,"32":0,"33":0,"34":1,"35":1,"36":0,"37":0,"38":0,"39":0,"40":0,"41":0,"42":0,"43":1,"44":1,"45":0,"46":0,"47":0,"48":0,"49":0,"50":0,"51":0,"52":0,"53":0,"54":0,"55":0,"56":0,"57":0,"58":1,"59":1,"60":0,"61":0,"62":0,"63":0,"64":0,"65":0,"66":0,"67":0,"68":0,"69":0,"70":1},"f":{"0":0,"1":0,"2":0,"3":0,"4":0,"5":0,"6":0},"b":{"0":[0],"1":[0,0],"2":[0,0],"3":[0],"4":[0],"5":[0],"6":[0,0],"7":[0],"8":[0],"9":[0],"10":[0,0],"11":[0]}}
,"C:\\Users\\zoyag\\Sweet-Shop-Management\\Sweet-Shop-Management-main\\backend\\src\\database\\db.ts": {"path":"C:\\Users\\zoyag\\Sweet-Shop-Management\\Sweet-Shop-Management-main\\backend\\src\\database\\db.ts","statementMap":{"0":{"start":{"line":1,"column":0},"end":{"line":1,"column":25}},"1":{"start":{"line":2,"column":0},"end":{"line":2,"column":27}},"2":{"start":{"line":4,"column":0},"end":{"line":4,"column":null}},"3":{"start":{"line":6,"column":13},"end":{"line":12,"column":2}},"4":{"start":{"line":14,"column":0},"end":{"line":14,"column":null}}},"fnMap":{},"branchMap":{"0":{"loc":{"start":{"line":9,"column":2},"end":{"line":11,"column":14}},"type":"cond-expr","locations":[{"start":{"line":10,"column":5},"end":{"line":10,"column":34}},{"start":{"line":11,"column":5},"end":{"line":11,"column":14}}]}},"s":{"0":3,"1":3,"2":3,"3":3,"4":3},"f":{},"b":{"0":[0,3]}}
,"C:\\Users\\zoyag\\Sweet-Shop-Management\\Sweet-Shop-Management-main\\backend\\src\\middleware\\auth.ts": {"path":"C:\\Users\\zoyag\\Sweet-Shop-Management\\Sweet-Shop-Management-main\\backend\\src\\middleware\\auth.ts","statementMap":{"0":{"start":{"line":2,"column":0},"end":{"line":2,"column":30}},"1":{"start":{"line":12,"column":33},"end":{"line":35,"column":1}},"2":{"start":{"line":17,"column":20},"end":{"line":17,"column":48}},"3":{"start":{"line":18,"column":15},"end":{"line":18,"column":53}},"4":{"start":{"line":20,"column":1},"end":{"line":22,"column":2}},"5":{"start":{"line":21,"column":2},"end":{"line":21,"column":null}},"6":{"start":{"line":24,"column":1},"end":{"line":34,"column":2}},"7":{"start":{"line":25,"column":18},"end":{"line":25,"column":null}},"8":{"start":{"line":30,"column":4},"end":{"line":30,"column":null}},"9":{"start":{"line":31,"column":2},"end":{"line":31,"column":null}},"10":{"start":{"line":33,"column":2},"end":{"line":33,"column":null}},"11":{"start":{"line":12,"column":13},"end":{"line":12,"column":33}},"12":{"start":{"line":37,"column":28},"end":{"line":49,"column":1}},"13":{"start":{"line":42,"column":17},"end":{"line":42,"column":35}},"14":{"start":{"line":44,"column":1},"end":{"line":46,"column":2}},"15":{"start":{"line":45,"column":2},"end":{"line":45,"column":null}},"16":{"start":{"line":48,"column":1},"end":{"line":48,"column":null}},"17":{"start":{"line":37,"column":13},"end":{"line":37,"column":28}}},"fnMap":{"0":{"name":"(anonymous_1)","decl":{"start":{"line":12,"column":33},"end":{"line":12,"column":null}},"loc":{"start":{"line":16,"column":4},"end":{"line":35,"column":1}}},"1":{"name":"(anonymous_2)","decl":{"start":{"line":37,"column":28},"end":{"line":37,"column":null}},"loc":{"start":{"line":41,"column":4},"end":{"line":49,"column":1}}}},"branchMap":{"0":{"loc":{"start":{"line":18,"column":15},"end":{"line":18,"column":53}},"type":"binary-expr","locations":[{"start":{"line":18,"column":15},"end":{"line":18,"column":25}},{"start":{"line":18,"column":29},"end":{"line":18,"column":53}}]},"1":{"loc":{"start":{"line":20,"column":1},"end":{"line":22,"column":2}},"type":"if","locations":[{"start":{"line":20,"column":1},"end":{"line":22,"column":2}}]},"2":{"loc":{"start":{"line":44,"column":1},"end":{"line":46,"column":2}},"type":"if","locations":[{"start":{"line":44,"column":1},"end":{"line":46,"column":2}}]}},"s":{"0":1,"1":1,"2":0,"3":0,"4":0,"5":0,"6":0,"7":0,"8":0,"9":0,"10":0,"11":1,"12":1,"13":0,"14":0,"15":0,"16":0,"17":1},"f":{"0":0,"1":0},"b":{"0":[0,0],"1":[0],"2":[0]}}
,"C:\\Users\\zoyag\\Sweet-Shop-Management\\Sweet-Shop-Management-main\\backend\\src\\routes\\authRoutes.ts": {"path":"C:\\Users\\zoyag\\Sweet-Shop-Management\\Sweet-Shop-Management-main\\backend\\src\\routes\\authRoutes.ts","statementMap":{"0":{"start":{"line":1,"column":0},"end":{"line":1,"column":32}},"1":{"start":{"line":2,"column":0},"end":{"line":2,"column":null}},"2":{"start":{"line":9,"column":15},"end":{"line":9,"column":23}},"3":{"start":{"line":11,"column":0},"end":{"line":11,"column":null}},"4":{"start":{"line":12,"column":0},"end":{"line":12,"column":null}},"5":{"start":{"line":14,"column":0},"end":{"line":14,"column":null}}},"fnMap":{},"branchMap":{},"s":{"0":1,"1":1,"2":1,"3":1,"4":1,"5":1},"f":{},"b":{}}
,"C:\\Users\\zoyag\\Sweet-Shop-Management\\Sweet-Shop-Management-main\\backend\\src\\routes\\sweetRoutes.ts": {"path":"C:\\Users\\zoyag\\Sweet-Shop-Management\\Sweet-Shop-Management-main\\backend\\src\\routes\\sweetRoutes.ts","statementMap":{"0":{"start":{"line":1,"column":0},"end":{"line":1,"column":32}},"1":{"start":{"line":2,"column":0},"end":{"line":2,"column":null}},"2":{"start":{"line":12,"column":0},"end":{"line":12,"column":68}},"3":{"start":{"line":14,"column":15},"end":{"line":14,"column":23}},"4":{"start":{"line":16,"column":0},"end":{"line":22,"column":null}},"5":{"start":{"line":23,"column":0},"end":{"line":23,"column":null}},"6":{"start":{"line":24,"column":0},"end":{"line":24,"column":null}},"7":{"start":{"line":25,"column":0},"end":{"line":25,"column":null}},"8":{"start":{"line":26,"column":0},"end":{"line":26,"column":null}},"9":{"start":{"line":27,"column":0},"end":{"line":27,"column":null}},"10":{"start":{"line":28,"column":0},"end":{"line":28,"column":null}},"11":{"start":{"line":30,"column":0},"end":{"line":30,"column":null}}},"fnMap":{},"branchMap":{},"s":{"0":1,"1":1,"2":1,"3":1,"4":1,"5":1,"6":1,"7":1,"8":1,"9":1,"10":1,"11":1},"f":{},"b":{}}
,"C:\\Users\\zoyag\\Sweet-Shop-Management\\Sweet-Shop-Management-main\\backend\\src\\services\\authService.ts": {"path":"C:\\Users\\zoyag\\Sweet-Shop-Management\\Sweet-Shop-Management-main\\backend\\src\\services\\authService.ts","statementMap":{"0":{"start":{"line":1,"column":0},"end":{"line":1,"column":27}},"1":{"start":{"line":2,"column":0},"end":{"line":2,"column":30}},"2":{"start":{"line":3,"column":0},"end":{"line":3,"column":33}},"3":{"start":{"line":8,"column":25},"end":{"line":8,"column":56}},"4":{"start":{"line":10,"column":17},"end":{"line":12,"column":null}},"5":{"start":{"line":15,"column":2},"end":{"line":15,"column":null}},"6":{"start":{"line":19,"column":17},"end":{"line":21,"column":4}},"7":{"start":{"line":23,"column":2},"end":{"line":25,"column":3}},"8":{"start":{"line":24,"column":3},"end":{"line":24,"column":null}},"9":{"start":{"line":27,"column":15},"end":{"line":27,"column":29}},"10":{"start":{"line":28,"column":26},"end":{"line":28,"column":71}},"11":{"start":{"line":30,"column":2},"end":{"line":32,"column":3}},"12":{"start":{"line":31,"column":3},"end":{"line":31,"column":null}},"13":{"start":{"line":34,"column":16},"end":{"line":37,"column":null}},"14":{"start":{"line":40,"column":2},"end":{"line":47,"column":null}},"15":{"start":{"line":51,"column":17},"end":{"line":53,"column":null}},"16":{"start":{"line":55,"column":2},"end":{"line":55,"column":null}},"17":{"start":{"line":6,"column":0},"end":{"line":6,"column":13}}},"fnMap":{"0":{"name":"(anonymous_1)","decl":{"start":{"line":7,"column":1},"end":{"line":7,"column":6}},"loc":{"start":{"line":7,"column":73},"end":{"line":16,"column":2}}},"1":{"name":"(anonymous_2)","decl":{"start":{"line":18,"column":1},"end":{"line":18,"column":6}},"loc":{"start":{"line":18,"column":44},"end":{"line":48,"column":2}}},"2":{"name":"(anonymous_3)","decl":{"start":{"line":50,"column":1},"end":{"line":50,"column":6}},"loc":{"start":{"line":50,"column":36},"end":{"line":56,"column":2}}}},"branchMap":{"0":{"loc":{"start":{"line":7,"column":49},"end":{"line":7,"column":73}},"type":"default-arg","locations":[{"start":{"line":7,"column":68},"end":{"line":7,"column":73}}]},"1":{"loc":{"start":{"line":23,"column":2},"end":{"line":25,"column":3}},"type":"if","locations":[{"start":{"line":23,"column":2},"end":{"line":25,"column":3}}]},"2":{"loc":{"start":{"line":30,"column":2},"end":{"line":32,"column":3}},"type":"if","locations":[{"start":{"line":30,"column":2},"end":{"line":32,"column":3}}]},"3":{"loc":{"start":{"line":55,"column":9},"end":{"line":55,"column":31}},"type":"binary-expr","locations":[{"start":{"line":55,"column":9},"end":{"line":55,"column":23}},{"start":{"line":55,"column":27},"end":{"line":55,"column":31}}]}},"s":{"0":1,"1":1,"2":1,"3":2,"4":2,"5":2,"6":3,"7":3,"8":1,"9":2,"10":2,"11":2,"12":1,"13":1,"14":1,"15":2,"16":2,"17":1},"f":{"0":2,"1":3,"2":2},"b":{"0":[1],"1":[1],"2":[1],"3":[2,1]}}
,"C:\\Users\\zoyag\\Sweet-Shop-Management\\Sweet-Shop-Management-main\\backend\\src\\services\\sweetService.ts": {"path":"C:\\Users\\zoyag\\Sweet-Shop-Management\\Sweet-Shop-Management-main\\backend\\src\\services\\sweetService.ts","statementMap":{"0":{"start":{"line":1,"column":0},"end":{"line":1,"column":33}},"1":{"start":{"line":6,"column":17},"end":{"line":16,"column":null}},"2":{"start":{"line":18,"column":2},"end":{"line":18,"column":null}},"3":{"start":{"line":22,"column":17},"end":{"line":22,"column":71}},"4":{"start":{"line":23,"column":2},"end":{"line":23,"column":null}},"5":{"start":{"line":27,"column":17},"end":{"line":27,"column":77}},"6":{"start":{"line":28,"column":2},"end":{"line":28,"column":null}},"7":{"start":{"line":37,"column":14},"end":{"line":37,"column":46}},"8":{"start":{"line":38,"column":24},"end":{"line":38,"column":26}},"9":{"start":{"line":39,"column":19},"end":{"line":39,"column":20}},"10":{"start":{"line":41,"column":2},"end":{"line":45,"column":3}},"11":{"start":{"line":42,"column":3},"end":{"line":42,"column":null}},"12":{"start":{"line":43,"column":3},"end":{"line":43,"column":null}},"13":{"start":{"line":44,"column":3},"end":{"line":44,"column":null}},"14":{"start":{"line":47,"column":2},"end":{"line":51,"column":3}},"15":{"start":{"line":48,"column":3},"end":{"line":48,"column":null}},"16":{"start":{"line":49,"column":3},"end":{"line":49,"column":null}},"17":{"start":{"line":50,"column":3},"end":{"line":50,"column":null}},"18":{"start":{"line":53,"column":2},"end":{"line":57,"column":3}},"19":{"start":{"line":54,"column":3},"end":{"line":54,"column":null}},"20":{"start":{"line":55,"column":3},"end":{"line":55,"column":null}},"21":{"start":{"line":56,"column":3},"end":{"line":56,"column":null}},"22":{"start":{"line":59,"column":2},"end":{"line":63,"column":3}},"23":{"start":{"line":60,"column":3},"end":{"line":60,"column":null}},"24":{"start":{"line":61,"column":3},"end":{"line":61,"column":null}},"25":{"start":{"line":62,"column":3},"end":{"line":62,"column":null}},"26":{"start":{"line":65,"column":2},"end":{"line":65,"column":null}},"27":{"start":{"line":67,"column":17},"end":{"line":67,"column":48}},"28":{"start":{"line":68,"column":2},"end":{"line":68,"column":null}},"29":{"start":{"line":75,"column":27},"end":{"line":75,"column":29}},"30":{"start":{"line":76,"column":24},"end":{"line":76,"column":26}},"31":{"start":{"line":77,"column":19},"end":{"line":77,"column":20}},"32":{"start":{"line":79,"column":2},"end":{"line":83,"column":3}},"33":{"start":{"line":80,"column":3},"end":{"line":80,"column":null}},"34":{"start":{"line":81,"column":3},"end":{"line":81,"column":null}},"35":{"start":{"line":82,"column":3},"end":{"line":82,"column":null}},"36":{"start":{"line":85,"column":2},"end":{"line":89,"column":3}},"37":{"start":{"line":86,"column":3},"end":{"line":86,"column":null}},"38":{"start":{"line":87,"column":3},"end":{"line":87,"column":null}},"39":{"start":{"line":88,"column":3},"end":{"line":88,"column":null}},"40":{"start":{"line":91,"column":2},"end":{"line":95,"column":3}},"41":{"start":{"line":92,"column":3},"end":{"line":92,"column":null}},"42":{"start":{"line":93,"column":3},"end":{"line":93,"column":null}},"43":{"start":{"line":94,"column":3},"end":{"line":94,"column":null}},"44":{"start":{"line":97,"column":2},"end":{"line":101,"column":3}},"45":{"start":{"line":98,"column":3},"end":{"line":98,"column":null}},"46":{"start":{"line":99,"column":3},"end":{"line":99,"column":null}},"47":{"start":{"line":100,"column":3},"end":{"line":100,"column":null}},"48":{"start":{"line":103,"column":2},"end":{"line":107,"column":3}},"49":{"start":{"line":104,"column":3},"end":{"line":104,"column":null}},"50":{"start":{"line":105,"column":3},"end":{"line":105,"column":null}},"51":{"start":{"line":106,"column":3},"end":{"line":106,"column":null}},"52":{"start":{"line":109,"column":2},"end":{"line":109,"column":null}},"53":{"start":{"line":110,"column":2},"end":{"line":110,"column":null}},"54":{"start":{"line":112,"column":16},"end":{"line":114,"column":43}},"55":{"start":{"line":115,"column":17},"end":{"line":115,"column":48}},"56":{"start":{"line":116,"column":2},"end":{"line":116,"column":null}},"57":{"start":{"line":120,"column":17},"end":{"line":122,"column":null}},"58":{"start":{"line":124,"column":2},"end":{"line":124,"column":null}},"59":{"start":{"line":128,"column":17},"end":{"line":128,"column":37}},"60":{"start":{"line":130,"column":2},"end":{"line":168,"column":3}},"61":{"start":{"line":131,"column":3},"end":{"line":131,"column":null}},"62":{"start":{"line":133,"column":23},"end":{"line":135,"column":null}},"63":{"start":{"line":138,"column":3},"end":{"line":140,"column":4}},"64":{"start":{"line":139,"column":4},"end":{"line":139,"column":null}},"65":{"start":{"line":142,"column":17},"end":{"line":142,"column":36}},"66":{"start":{"line":144,"column":3},"end":{"line":146,"column":4}},"67":{"start":{"line":145,"column":4},"end":{"line":145,"column":null}},"68":{"start":{"line":148,"column":3},"end":{"line":151,"column":null}},"69":{"start":{"line":153,"column":22},"end":{"line":153,"column":44}},"70":{"start":{"line":155,"column":26},"end":{"line":158,"column":null}},"71":{"start":{"line":161,"column":3},"end":{"line":161,"column":null}},"72":{"start":{"line":162,"column":3},"end":{"line":162,"column":null}},"73":{"start":{"line":164,"column":3},"end":{"line":164,"column":null}},"74":{"start":{"line":165,"column":3},"end":{"line":165,"column":null}},"75":{"start":{"line":167,"column":3},"end":{"line":167,"column":null}},"76":{"start":{"line":172,"column":17},"end":{"line":174,"column":null}},"77":{"start":{"line":176,"column":2},"end":{"line":176,"column":null}},"78":{"start":{"line":4,"column":0},"end":{"line":4,"column":13}}},"fnMap":{"0":{"name":"(anonymous_1)","decl":{"start":{"line":5,"column":1},"end":{"line":5,"column":6}},"loc":{"start":{"line":5,"column":72},"end":{"line":19,"column":2}}},"1":{"name":"(anonymous_2)","decl":{"start":{"line":21,"column":1},"end":{"line":21,"column":6}},"loc":{"start":{"line":21,"column":19},"end":{"line":24,"column":2}}},"2":{"name":"(anonymous_3)","decl":{"start":{"line":26,"column":1},"end":{"line":26,"column":6}},"loc":{"start":{"line":26,"column":30},"end":{"line":29,"column":2}}},"3":{"name":"(anonymous_4)","decl":{"start":{"line":31,"column":1},"end":{"line":31,"column":6}},"loc":{"start":{"line":35,"column":19},"end":{"line":69,"column":2}}},"4":{"name":"(anonymous_5)","decl":{"start":{"line":71,"column":1},"end":{"line":71,"column":6}},"loc":{"start":{"line":73,"column":64},"end":{"line":117,"column":2}}},"5":{"name":"(anonymous_6)","decl":{"start":{"line":119,"column":1},"end":{"line":119,"column":6}},"loc":{"start":{"line":119,"column":29},"end":{"line":125,"column":2}}},"6":{"name":"(anonymous_7)","decl":{"start":{"line":127,"column":1},"end":{"line":127,"column":6}},"loc":{"start":{"line":127,"column":70},"end":{"line":169,"column":2}}},"7":{"name":"(anonymous_8)","decl":{"start":{"line":171,"column":1},"end":{"line":171,"column":6}},"loc":{"start":{"line":171,"column":53},"end":{"line":177,"column":2}}}},"branchMap":{"0":{"loc":{"start":{"line":15,"column":4},"end":{"line":15,"column":28}},"type":"binary-expr","locations":[{"start":{"line":15,"column":4},"end":{"line":15,"column":20}},{"start":{"line":15,"column":24},"end":{"line":15,"column":28}}]},"1":{"loc":{"start":{"line":28,"column":9},"end":{"line":28,"column":31}},"type":"binary-expr","locations":[{"start":{"line":28,"column":9},"end":{"line":28,"column":23}},{"start":{"line":28,"column":27},"end":{"line":28,"column":31}}]},"2":{"loc":{"start":{"line":41,"column":2},"end":{"line":45,"column":3}},"type":"if","locations":[{"start":{"line":41,"column":2},"end":{"line":45,"column":3}}]},"3":{"loc":{"start":{"line":47,"column":2},"end":{"line":51,"column":3}},"type":"if","locations":[{"start":{"line":47,"column":2},"end":{"line":51,"column":3}}]},"4":{"loc":{"start":{"line":53,"column":2},"end":{"line":57,"column":3}},"type":"if","locations":[{"start":{"line":53,"column":2},"end":{"line":57,"column":3}}]},"5":{"loc":{"start":{"line":59,"column":2},"end":{"line":63,"column":3}},"type":"if","locations":[{"start":{"line":59,"column":2},"end":{"line":63,"column":3}}]},"6":{"loc":{"start":{"line":79,"column":2},"end":{"line":83,"column":3}},"type":"if","locations":[{"start":{"line":79,"column":2},"end":{"line":83,"column":3}}]},"7":{"loc":{"start":{"line":85,"column":2},"end":{"line":89,"column":3}},"type":"if","locations":[{"start":{"line":85,"column":2},"end":{"line":89,"column":3}}]},"8":{"loc":{"start":{"line":91,"column":2},"end":{"line":95,"column":3}},"type":"if","locations":[{"start":{"line":91,"column":2},"end":{"line":95,"column":3}}]},"9":{"loc":{"start":{"line":97,"column":2},"end":{"line":101,"column":3}},"type":"if","locations":[{"start":{"line":97,"column":2},"end":{"line":101,"column":3}}]},"10":{"loc":{"start":{"line":103,"column":2},"end":{"line":107,"column":3}},"type":"if","locations":[{"start":{"line":103,"column":2},"end":{"line":107,"column":3}}]},"11":{"loc":{"start":{"line":116,"column":9},"end":{"line":116,"column":31}},"type":"binary-expr","locations":[{"start":{"line":116,"column":9},"end":{"line":116,"column":23}},{"start":{"line":116,"column":27},"end":{"line":116,"column":31}}]},"12":{"loc":{"start":{"line":124,"column":9},"end":{"line":124,"column":31}},"type":"binary-expr","locations":[{"start":{"line":124,"column":9},"end":{"line":124,"column":23}},{"start":{"line":124,"column":27},"end":{"line":124,"column":31}}]},"13":{"loc":{"start":{"line":138,"column":3},"end":{"line":140,"column":4}},"type":"if","locations":[{"start":{"line":138,"column":3},"end":{"line":140,"column":4}}]},"14":{"loc":{"start":{"line":144,"column":3},"end":{"line":146,"column":4}},"type":"if","locations":[{"start":{"line":144,"column":3},"end":{"line":146,"column":4}}]},"15":{"loc":{"start":{"line":176,"column":9},"end":{"line":176,"column":31}},"type":"binary-expr","locations":[{"start":{"line":176,"column":9},"end":{"line":176,"column":23}},{"start":{"line":176,"column":27},"end":{"line":176,"column":31}}]}},"s":{"0":2,"1":1,"2":1,"3":1,"4":1,"5":2,"6":2,"7":2,"8":2,"9":2,"10":2,"11":1,"12":1,"13":1,"14":2,"15":0,"16":0,"17":0,"18":2,"19":1,"20":1,"21":1,"22":2,"23":1,"24":1,"25":1,"26":2,"27":2,"28":2,"29":1,"30":1,"31":1,"32":1,"33":1,"34":1,"35":1,"36":1,"37":0,"38":0,"39":0,"40":1,"41":1,"42":1,"43":1,"44":1,"45":0,"46":0,"47":0,"48":1,"49":0,"50":0,"51":0,"52":1,"53":1,"54":1,"55":1,"56":1,"57":1,"58":1,"59":2,"60":2,"61":2,"62":2,"63":2,"64":0,"65":2,"66":2,"67":1,"68":1,"69":1,"70":1,"71":1,"72":1,"73":1,"74":1,"75":2,"76":1,"77":1,"78":2},"f":{"0":1,"1":1,"2":2,"3":2,"4":1,"5":1,"6":2,"7":1},"b":{"0":[1,0],"1":[2,1],"2":[1],"3":[0],"4":[1],"5":[1],"6":[1],"7":[0],"8":[1],"9":[0],"10":[0],"11":[1,0],"12":[1,0],"13":[0],"14":[1],"15":[1,0]}}
}
