TN:
SF:src\app.ts
FN:18,(anonymous_1)
FN:23,(anonymous_2)
FN:46,(anonymous_3)
FNF:3
FNH:1
FNDA:5,(anonymous_1)
FNDA:0,(anonymous_2)
FNDA:0,(anonymous_3)
DA:1,1
DA:2,1
DA:3,1
DA:4,1
DA:6,1
DA:9,1
DA:16,1
DA:20,5
DA:23,0
DA:24,0
DA:25,0
DA:28,0
DA:31,0
DA:32,0
DA:34,0
DA:41,1
DA:43,1
DA:44,1
DA:46,1
DA:47,0
DA:50,1
LF:21
LH:13
BRDA:20,0,0,5
BRDA:24,1,0,0
BRDA:31,2,0,0
BRDA:31,2,1,0
BRF:4
BRH:1
end_of_record
TN:
SF:src\controllers\authController.ts
FN:19,(anonymous_0)
FN:40,(anonymous_1)
FNF:2
FNH:2
FNDA:3,(anonymous_0)
FNDA:2,(anonymous_1)
DA:2,1
DA:3,1
DA:5,1
DA:7,1
DA:14,1
DA:19,1
DA:20,3
DA:21,3
DA:22,2
DA:25,1
DA:26,1
DA:28,1
DA:29,1
DA:30,0
DA:33,1
DA:34,1
DA:36,0
DA:40,1
DA:41,2
DA:42,2
DA:43,0
DA:46,2
DA:47,2
DA:48,2
DA:49,1
DA:51,1
LF:26
LH:23
BRDA:21,0,0,2
BRDA:29,1,0,0
BRDA:33,2,0,1
BRDA:33,2,1,1
BRDA:42,3,0,0
BRF:5
BRH:3
end_of_record
TN:
SF:src\controllers\sweetController.ts
FN:19,(anonymous_0)
FN:33,(anonymous_1)
FN:42,(anonymous_2)
FN:57,(anonymous_3)
FN:72,(anonymous_4)
FN:87,(anonymous_5)
FN:115,(anonymous_6)
FNF:7
FNH:0
FNDA:0,(anonymous_0)
FNDA:0,(anonymous_1)
FNDA:0,(anonymous_2)
FNDA:0,(anonymous_3)
FNDA:0,(anonymous_4)
FNDA:0,(anonymous_5)
FNDA:0,(anonymous_6)
DA:2,1
DA:4,1
DA:6,1
DA:8,1
DA:19,1
DA:20,0
DA:21,0
DA:22,0
DA:25,0
DA:26,0
DA:27,0
DA:29,0
DA:33,1
DA:34,0
DA:35,0
DA:36,0
DA:38,0
DA:42,1
DA:43,0
DA:44,0
DA:45,0
DA:51,0
DA:53,0
DA:57,1
DA:58,0
DA:59,0
DA:60,0
DA:62,0
DA:63,0
DA:66,0
DA:68,0
DA:72,1
DA:73,0
DA:74,0
DA:75,0
DA:77,0
DA:78,0
DA:81,0
DA:83,0
DA:87,1
DA:88,0
DA:89,0
DA:90,0
DA:91,0
DA:93,0
DA:94,0
DA:97,0
DA:103,0
DA:105,0
DA:106,0
DA:108,0
DA:109,0
DA:111,0
DA:115,1
DA:116,0
DA:117,0
DA:118,0
DA:120,0
DA:121,0
DA:124,0
DA:126,0
DA:127,0
DA:130,0
DA:132,0
LF:64
LH:11
BRDA:21,0,0,0
BRDA:48,1,0,0
BRDA:48,1,1,0
BRDA:49,2,0,0
BRDA:49,2,1,0
BRDA:62,3,0,0
BRDA:77,4,0,0
BRDA:93,5,0,0
BRDA:93,6,0,0
BRDA:93,6,1,0
BRDA:105,7,0,0
BRDA:108,8,0,0
BRDA:120,9,0,0
BRDA:120,10,0,0
BRDA:120,10,1,0
BRDA:126,11,0,0
BRF:16
BRH:0
end_of_record
TN:
SF:src\database\db.ts
FNF:0
FNH:0
DA:1,3
DA:2,3
DA:4,3
DA:6,3
DA:14,3
LF:5
LH:5
BRDA:9,0,0,0
BRDA:9,0,1,3
BRF:2
BRH:1
end_of_record
TN:
SF:src\middleware\auth.ts
FN:12,(anonymous_1)
FN:37,(anonymous_2)
FNF:2
FNH:0
FNDA:0,(anonymous_1)
FNDA:0,(anonymous_2)
DA:2,1
DA:12,1
DA:17,0
DA:18,0
DA:20,0
DA:21,0
DA:24,0
DA:25,0
DA:30,0
DA:31,0
DA:33,0
DA:37,1
DA:42,0
DA:44,0
DA:45,0
DA:48,0
LF:16
LH:3
BRDA:18,0,0,0
BRDA:18,0,1,0
BRDA:20,1,0,0
BRDA:44,2,0,0
BRF:4
BRH:0
end_of_record
TN:
SF:src\routes\authRoutes.ts
FNF:0
FNH:0
DA:1,1
DA:2,1
DA:9,1
DA:11,1
DA:12,1
DA:14,1
LF:6
LH:6
BRF:0
BRH:0
end_of_record
TN:
SF:src\routes\sweetRoutes.ts
FNF:0
FNH:0
DA:1,1
DA:2,1
DA:12,1
DA:14,1
DA:16,1
DA:23,1
DA:24,1
DA:25,1
DA:26,1
DA:27,1
DA:28,1
DA:30,1
LF:12
LH:12
BRF:0
BRH:0
end_of_record
TN:
SF:src\services\authService.ts
FN:7,(anonymous_1)
FN:18,(anonymous_2)
FN:50,(anonymous_3)
FNF:3
FNH:3
FNDA:2,(anonymous_1)
FNDA:3,(anonymous_2)
FNDA:2,(anonymous_3)
DA:1,1
DA:2,1
DA:3,1
DA:6,1
DA:8,2
DA:10,2
DA:15,2
DA:19,3
DA:23,3
DA:24,1
DA:27,2
DA:28,2
DA:30,2
DA:31,1
DA:34,1
DA:40,1
DA:51,2
DA:55,2
LF:18
LH:18
BRDA:7,0,0,1
BRDA:23,1,0,1
BRDA:30,2,0,1
BRDA:55,3,0,2
BRDA:55,3,1,1
BRF:5
BRH:5
end_of_record
TN:
SF:src\services\sweetService.ts
FN:5,(anonymous_1)
FN:21,(anonymous_2)
FN:26,(anonymous_3)
FN:31,(anonymous_4)
FN:71,(anonymous_5)
FN:119,(anonymous_6)
FN:127,(anonymous_7)
FN:171,(anonymous_8)
FNF:8
FNH:8
FNDA:1,(anonymous_1)
FNDA:1,(anonymous_2)
FNDA:2,(anonymous_3)
FNDA:2,(anonymous_4)
FNDA:1,(anonymous_5)
FNDA:1,(anonymous_6)
FNDA:2,(anonymous_7)
FNDA:1,(anonymous_8)
DA:1,2
DA:4,2
DA:6,1
DA:18,1
DA:22,1
DA:23,1
DA:27,2
DA:28,2
DA:37,2
DA:38,2
DA:39,2
DA:41,2
DA:42,1
DA:43,1
DA:44,1
DA:47,2
DA:48,0
DA:49,0
DA:50,0
DA:53,2
DA:54,1
DA:55,1
DA:56,1
DA:59,2
DA:60,1
DA:61,1
DA:62,1
DA:65,2
DA:67,2
DA:68,2
DA:75,1
DA:76,1
DA:77,1
DA:79,1
DA:80,1
DA:81,1
DA:82,1
DA:85,1
DA:86,0
DA:87,0
DA:88,0
DA:91,1
DA:92,1
DA:93,1
DA:94,1
DA:97,1
DA:98,0
DA:99,0
DA:100,0
DA:103,1
DA:104,0
DA:105,0
DA:106,0
DA:109,1
DA:110,1
DA:112,1
DA:115,1
DA:116,1
DA:120,1
DA:124,1
DA:128,2
DA:130,2
DA:131,2
DA:133,2
DA:138,2
DA:139,0
DA:142,2
DA:144,2
DA:145,1
DA:148,1
DA:153,1
DA:155,1
DA:161,1
DA:162,1
DA:164,1
DA:165,1
DA:167,2
DA:172,1
DA:176,1
LF:79
LH:66
BRDA:15,0,0,1
BRDA:15,0,1,0
BRDA:28,1,0,2
BRDA:28,1,1,1
BRDA:41,2,0,1
BRDA:47,3,0,0
BRDA:53,4,0,1
BRDA:59,5,0,1
BRDA:79,6,0,1
BRDA:85,7,0,0
BRDA:91,8,0,1
BRDA:97,9,0,0
BRDA:103,10,0,0
BRDA:116,11,0,1
BRDA:116,11,1,0
BRDA:124,12,0,1
BRDA:124,12,1,0
BRDA:138,13,0,0
BRDA:144,14,0,1
BRDA:176,15,0,1
BRDA:176,15,1,0
BRF:21
BRH:12
end_of_record
